{
    "meta": {
        "format": 3,
        "version": "7.11.0",
        "timestamp": "2025-10-19T17:28:08.380057",
        "branch_coverage": false,
        "show_contexts": false
    },
    "files": {
        "src\\sf_rdf_acl\\__init__.py": {
            "executed_lines": [
                1,
                2,
                3,
                4,
                5,
                6,
                8
            ],
            "summary": {
                "covered_lines": 7,
                "num_statements": 7,
                "percent_covered": 100.0,
                "percent_covered_display": "100",
                "missing_lines": 0,
                "excluded_lines": 0
            },
            "missing_lines": [],
            "excluded_lines": [],
            "functions": {
                "": {
                    "executed_lines": [
                        1,
                        2,
                        3,
                        4,
                        5,
                        6,
                        8
                    ],
                    "summary": {
                        "covered_lines": 7,
                        "num_statements": 7,
                        "percent_covered": 100.0,
                        "percent_covered_display": "100",
                        "missing_lines": 0,
                        "excluded_lines": 0
                    },
                    "missing_lines": [],
                    "excluded_lines": []
                }
            },
            "classes": {
                "": {
                    "executed_lines": [
                        1,
                        2,
                        3,
                        4,
                        5,
                        6,
                        8
                    ],
                    "summary": {
                        "covered_lines": 7,
                        "num_statements": 7,
                        "percent_covered": 100.0,
                        "percent_covered_display": "100",
                        "missing_lines": 0,
                        "excluded_lines": 0
                    },
                    "missing_lines": [],
                    "excluded_lines": []
                }
            }
        },
        "src\\sf_rdf_acl\\connection\\__init__.py": {
            "executed_lines": [
                1,
                2,
                4
            ],
            "summary": {
                "covered_lines": 2,
                "num_statements": 2,
                "percent_covered": 100.0,
                "percent_covered_display": "100",
                "missing_lines": 0,
                "excluded_lines": 0
            },
            "missing_lines": [],
            "excluded_lines": [],
            "functions": {
                "": {
                    "executed_lines": [
                        1,
                        2,
                        4
                    ],
                    "summary": {
                        "covered_lines": 2,
                        "num_statements": 2,
                        "percent_covered": 100.0,
                        "percent_covered_display": "100",
                        "missing_lines": 0,
                        "excluded_lines": 0
                    },
                    "missing_lines": [],
                    "excluded_lines": []
                }
            },
            "classes": {
                "": {
                    "executed_lines": [
                        1,
                        2,
                        4
                    ],
                    "summary": {
                        "covered_lines": 2,
                        "num_statements": 2,
                        "percent_covered": 100.0,
                        "percent_covered_display": "100",
                        "missing_lines": 0,
                        "excluded_lines": 0
                    },
                    "missing_lines": [],
                    "excluded_lines": []
                }
            }
        },
        "src\\sf_rdf_acl\\connection\\client.py": {
            "executed_lines": [
                1,
                12,
                14,
                15,
                16,
                17,
                18,
                20,
                22,
                23,
                24,
                31,
                32,
                37,
                47,
                52,
                62,
                66,
                67,
                69,
                71,
                103,
                104,
                105,
                106,
                107,
                108,
                114,
                115,
                116,
                117,
                118,
                119,
                120,
                121,
                123,
                124,
                125,
                126,
                127,
                128,
                129,
                131,
                138,
                146,
                147,
                156,
                159,
                167,
                175,
                178,
                186,
                191,
                198,
                222,
                223,
                225,
                226,
                227,
                231,
                232,
                234,
                235,
                236,
                237,
                238,
                240,
                241,
                242,
                243,
                245,
                246,
                252,
                253,
                255,
                256,
                257,
                258,
                259,
                260,
                261,
                262,
                263,
                264,
                265,
                267,
                268,
                269,
                270,
                271,
                272,
                276,
                277,
                278,
                279,
                284,
                285,
                287,
                290,
                293,
                294,
                296,
                299,
                301,
                304,
                305,
                307,
                310,
                311,
                312,
                313,
                314,
                315,
                316,
                317,
                318,
                326,
                329,
                330,
                331,
                332,
                333,
                335,
                336,
                337,
                338,
                339,
                340,
                341,
                342,
                343,
                349,
                352,
                353,
                354,
                355,
                356,
                357,
                358,
                359,
                360,
                361,
                371,
                374,
                375,
                376,
                380,
                383,
                385,
                386,
                389,
                390,
                391,
                393,
                395,
                397,
                399,
                400,
                403,
                404,
                405,
                407,
                408,
                411,
                412,
                415,
                417,
                418,
                421
            ],
            "summary": {
                "covered_lines": 166,
                "num_statements": 175,
                "percent_covered": 94.85714285714286,
                "percent_covered_display": "95",
                "missing_lines": 9,
                "excluded_lines": 0
            },
            "missing_lines": [
                194,
                291,
                377,
                378,
                392,
                394,
                396,
                406,
                409
            ],
            "excluded_lines": [],
            "functions": {
                "RDFClient.select": {
                    "executed_lines": [],
                    "summary": {
                        "covered_lines": 0,
                        "num_statements": 0,
                        "percent_covered": 100.0,
                        "percent_covered_display": "100",
                        "missing_lines": 0,
                        "excluded_lines": 0
                    },
                    "missing_lines": [],
                    "excluded_lines": []
                },
                "RDFClient.construct": {
                    "executed_lines": [],
                    "summary": {
                        "covered_lines": 0,
                        "num_statements": 0,
                        "percent_covered": 100.0,
                        "percent_covered_display": "100",
                        "missing_lines": 0,
                        "excluded_lines": 0
                    },
                    "missing_lines": [],
                    "excluded_lines": []
                },
                "RDFClient.update": {
                    "executed_lines": [],
                    "summary": {
                        "covered_lines": 0,
                        "num_statements": 0,
                        "percent_covered": 100.0,
                        "percent_covered_display": "100",
                        "missing_lines": 0,
                        "excluded_lines": 0
                    },
                    "missing_lines": [],
                    "excluded_lines": []
                },
                "RDFClient.health": {
                    "executed_lines": [],
                    "summary": {
                        "covered_lines": 0,
                        "num_statements": 0,
                        "percent_covered": 100.0,
                        "percent_covered_display": "100",
                        "missing_lines": 0,
                        "excluded_lines": 0
                    },
                    "missing_lines": [],
                    "excluded_lines": []
                },
                "FusekiClient.__init__": {
                    "executed_lines": [
                        103,
                        104,
                        105,
                        106,
                        107,
                        108,
                        114,
                        115,
                        116,
                        117,
                        118,
                        119,
                        120,
                        121,
                        123,
                        124,
                        125,
                        126,
                        127,
                        128,
                        129
                    ],
                    "summary": {
                        "covered_lines": 21,
                        "num_statements": 21,
                        "percent_covered": 100.0,
                        "percent_covered_display": "100",
                        "missing_lines": 0,
                        "excluded_lines": 0
                    },
                    "missing_lines": [],
                    "excluded_lines": []
                },
                "FusekiClient.select": {
                    "executed_lines": [
                        138,
                        146,
                        147
                    ],
                    "summary": {
                        "covered_lines": 3,
                        "num_statements": 3,
                        "percent_covered": 100.0,
                        "percent_covered_display": "100",
                        "missing_lines": 0,
                        "excluded_lines": 0
                    },
                    "missing_lines": [],
                    "excluded_lines": []
                },
                "FusekiClient.construct": {
                    "executed_lines": [
                        159,
                        167
                    ],
                    "summary": {
                        "covered_lines": 2,
                        "num_statements": 2,
                        "percent_covered": 100.0,
                        "percent_covered_display": "100",
                        "missing_lines": 0,
                        "excluded_lines": 0
                    },
                    "missing_lines": [],
                    "excluded_lines": []
                },
                "FusekiClient.update": {
                    "executed_lines": [
                        178,
                        186
                    ],
                    "summary": {
                        "covered_lines": 2,
                        "num_statements": 2,
                        "percent_covered": 100.0,
                        "percent_covered_display": "100",
                        "missing_lines": 0,
                        "excluded_lines": 0
                    },
                    "missing_lines": [],
                    "excluded_lines": []
                },
                "FusekiClient.health": {
                    "executed_lines": [],
                    "summary": {
                        "covered_lines": 0,
                        "num_statements": 1,
                        "percent_covered": 0.0,
                        "percent_covered_display": "0",
                        "missing_lines": 1,
                        "excluded_lines": 0
                    },
                    "missing_lines": [
                        194
                    ],
                    "excluded_lines": []
                },
                "FusekiClient._execute": {
                    "executed_lines": [
                        222,
                        223,
                        225,
                        226,
                        227,
                        231,
                        232,
                        234,
                        235,
                        236,
                        237,
                        238,
                        240,
                        241,
                        242,
                        243,
                        245,
                        246,
                        252,
                        253,
                        255,
                        256,
                        257,
                        258,
                        259,
                        260,
                        261,
                        262,
                        263,
                        264,
                        265,
                        267,
                        268,
                        269,
                        270,
                        271,
                        272,
                        276,
                        277,
                        278,
                        279,
                        284,
                        285
                    ],
                    "summary": {
                        "covered_lines": 43,
                        "num_statements": 43,
                        "percent_covered": 100.0,
                        "percent_covered_display": "100",
                        "missing_lines": 0,
                        "excluded_lines": 0
                    },
                    "missing_lines": [],
                    "excluded_lines": []
                },
                "FusekiClient._resolve_timeout": {
                    "executed_lines": [
                        290,
                        293,
                        294
                    ],
                    "summary": {
                        "covered_lines": 3,
                        "num_statements": 4,
                        "percent_covered": 75.0,
                        "percent_covered_display": "75",
                        "missing_lines": 1,
                        "excluded_lines": 0
                    },
                    "missing_lines": [
                        291
                    ],
                    "excluded_lines": []
                },
                "FusekiClient._should_retry": {
                    "executed_lines": [
                        299
                    ],
                    "summary": {
                        "covered_lines": 1,
                        "num_statements": 1,
                        "percent_covered": 100.0,
                        "percent_covered_display": "100",
                        "missing_lines": 0,
                        "excluded_lines": 0
                    },
                    "missing_lines": [],
                    "excluded_lines": []
                },
                "FusekiClient._sleep": {
                    "executed_lines": [
                        304,
                        305
                    ],
                    "summary": {
                        "covered_lines": 2,
                        "num_statements": 2,
                        "percent_covered": 100.0,
                        "percent_covered_display": "100",
                        "missing_lines": 0,
                        "excluded_lines": 0
                    },
                    "missing_lines": [],
                    "excluded_lines": []
                },
                "FusekiClient._raise_http_error": {
                    "executed_lines": [
                        310,
                        311,
                        312,
                        313,
                        314,
                        315,
                        316,
                        317,
                        318
                    ],
                    "summary": {
                        "covered_lines": 9,
                        "num_statements": 9,
                        "percent_covered": 100.0,
                        "percent_covered_display": "100",
                        "missing_lines": 0,
                        "excluded_lines": 0
                    },
                    "missing_lines": [],
                    "excluded_lines": []
                },
                "FusekiClient._ensure_circuit_allows": {
                    "executed_lines": [
                        329,
                        330,
                        331,
                        332,
                        333,
                        335,
                        336,
                        337,
                        338,
                        339,
                        340,
                        341,
                        342,
                        343
                    ],
                    "summary": {
                        "covered_lines": 14,
                        "num_statements": 14,
                        "percent_covered": 100.0,
                        "percent_covered_display": "100",
                        "missing_lines": 0,
                        "excluded_lines": 0
                    },
                    "missing_lines": [],
                    "excluded_lines": []
                },
                "FusekiClient._record_failure": {
                    "executed_lines": [
                        352,
                        353,
                        354,
                        355,
                        356,
                        357,
                        358,
                        359,
                        360,
                        361
                    ],
                    "summary": {
                        "covered_lines": 10,
                        "num_statements": 10,
                        "percent_covered": 100.0,
                        "percent_covered_display": "100",
                        "missing_lines": 0,
                        "excluded_lines": 0
                    },
                    "missing_lines": [],
                    "excluded_lines": []
                },
                "FusekiClient._record_success": {
                    "executed_lines": [
                        374,
                        375,
                        376
                    ],
                    "summary": {
                        "covered_lines": 3,
                        "num_statements": 5,
                        "percent_covered": 60.0,
                        "percent_covered_display": "60",
                        "missing_lines": 2,
                        "excluded_lines": 0
                    },
                    "missing_lines": [
                        377,
                        378
                    ],
                    "excluded_lines": []
                },
                "FusekiClient._should_count_failure_status": {
                    "executed_lines": [
                        383
                    ],
                    "summary": {
                        "covered_lines": 1,
                        "num_statements": 1,
                        "percent_covered": 100.0,
                        "percent_covered_display": "100",
                        "missing_lines": 0,
                        "excluded_lines": 0
                    },
                    "missing_lines": [],
                    "excluded_lines": []
                },
                "FusekiClient._response_reason": {
                    "executed_lines": [
                        389,
                        390,
                        391,
                        393,
                        395,
                        397
                    ],
                    "summary": {
                        "covered_lines": 6,
                        "num_statements": 9,
                        "percent_covered": 66.66666666666667,
                        "percent_covered_display": "67",
                        "missing_lines": 3,
                        "excluded_lines": 0
                    },
                    "missing_lines": [
                        392,
                        394,
                        396
                    ],
                    "excluded_lines": []
                },
                "FusekiClient._exception_reason": {
                    "executed_lines": [
                        403,
                        404,
                        405,
                        407,
                        408
                    ],
                    "summary": {
                        "covered_lines": 5,
                        "num_statements": 7,
                        "percent_covered": 71.42857142857143,
                        "percent_covered_display": "71",
                        "missing_lines": 2,
                        "excluded_lines": 0
                    },
                    "missing_lines": [
                        406,
                        409
                    ],
                    "excluded_lines": []
                },
                "FusekiClient._operation_from_path": {
                    "executed_lines": [
                        415
                    ],
                    "summary": {
                        "covered_lines": 1,
                        "num_statements": 1,
                        "percent_covered": 100.0,
                        "percent_covered_display": "100",
                        "missing_lines": 0,
                        "excluded_lines": 0
                    },
                    "missing_lines": [],
                    "excluded_lines": []
                },
                "FusekiClient._now": {
                    "executed_lines": [
                        421
                    ],
                    "summary": {
                        "covered_lines": 1,
                        "num_statements": 1,
                        "percent_covered": 100.0,
                        "percent_covered_display": "100",
                        "missing_lines": 0,
                        "excluded_lines": 0
                    },
                    "missing_lines": [],
                    "excluded_lines": []
                },
                "": {
                    "executed_lines": [
                        1,
                        12,
                        14,
                        15,
                        16,
                        17,
                        18,
                        20,
                        22,
                        23,
                        24,
                        31,
                        32,
                        37,
                        47,
                        52,
                        62,
                        66,
                        67,
                        69,
                        71,
                        131,
                        156,
                        175,
                        191,
                        198,
                        287,
                        296,
                        301,
                        307,
                        326,
                        349,
                        371,
                        380,
                        385,
                        386,
                        399,
                        400,
                        411,
                        412,
                        417,
                        418
                    ],
                    "summary": {
                        "covered_lines": 39,
                        "num_statements": 39,
                        "percent_covered": 100.0,
                        "percent_covered_display": "100",
                        "missing_lines": 0,
                        "excluded_lines": 0
                    },
                    "missing_lines": [],
                    "excluded_lines": []
                }
            },
            "classes": {
                "RDFClient": {
                    "executed_lines": [],
                    "summary": {
                        "covered_lines": 0,
                        "num_statements": 0,
                        "percent_covered": 100.0,
                        "percent_covered_display": "100",
                        "missing_lines": 0,
                        "excluded_lines": 0
                    },
                    "missing_lines": [],
                    "excluded_lines": []
                },
                "FusekiClient": {
                    "executed_lines": [
                        103,
                        104,
                        105,
                        106,
                        107,
                        108,
                        114,
                        115,
                        116,
                        117,
                        118,
                        119,
                        120,
                        121,
                        123,
                        124,
                        125,
                        126,
                        127,
                        128,
                        129,
                        138,
                        146,
                        147,
                        159,
                        167,
                        178,
                        186,
                        222,
                        223,
                        225,
                        226,
                        227,
                        231,
                        232,
                        234,
                        235,
                        236,
                        237,
                        238,
                        240,
                        241,
                        242,
                        243,
                        245,
                        246,
                        252,
                        253,
                        255,
                        256,
                        257,
                        258,
                        259,
                        260,
                        261,
                        262,
                        263,
                        264,
                        265,
                        267,
                        268,
                        269,
                        270,
                        271,
                        272,
                        276,
                        277,
                        278,
                        279,
                        284,
                        285,
                        290,
                        293,
                        294,
                        299,
                        304,
                        305,
                        310,
                        311,
                        312,
                        313,
                        314,
                        315,
                        316,
                        317,
                        318,
                        329,
                        330,
                        331,
                        332,
                        333,
                        335,
                        336,
                        337,
                        338,
                        339,
                        340,
                        341,
                        342,
                        343,
                        352,
                        353,
                        354,
                        355,
                        356,
                        357,
                        358,
                        359,
                        360,
                        361,
                        374,
                        375,
                        376,
                        383,
                        389,
                        390,
                        391,
                        393,
                        395,
                        397,
                        403,
                        404,
                        405,
                        407,
                        408,
                        415,
                        421
                    ],
                    "summary": {
                        "covered_lines": 127,
                        "num_statements": 136,
                        "percent_covered": 93.38235294117646,
                        "percent_covered_display": "93",
                        "missing_lines": 9,
                        "excluded_lines": 0
                    },
                    "missing_lines": [
                        194,
                        291,
                        377,
                        378,
                        392,
                        394,
                        396,
                        406,
                        409
                    ],
                    "excluded_lines": []
                },
                "": {
                    "executed_lines": [
                        1,
                        12,
                        14,
                        15,
                        16,
                        17,
                        18,
                        20,
                        22,
                        23,
                        24,
                        31,
                        32,
                        37,
                        47,
                        52,
                        62,
                        66,
                        67,
                        69,
                        71,
                        131,
                        156,
                        175,
                        191,
                        198,
                        287,
                        296,
                        301,
                        307,
                        326,
                        349,
                        371,
                        380,
                        385,
                        386,
                        399,
                        400,
                        411,
                        412,
                        417,
                        418
                    ],
                    "summary": {
                        "covered_lines": 39,
                        "num_statements": 39,
                        "percent_covered": 100.0,
                        "percent_covered_display": "100",
                        "missing_lines": 0,
                        "excluded_lines": 0
                    },
                    "missing_lines": [],
                    "excluded_lines": []
                }
            }
        },
        "src\\sf_rdf_acl\\converter\\__init__.py": {
            "executed_lines": [
                1,
                2,
                4
            ],
            "summary": {
                "covered_lines": 3,
                "num_statements": 3,
                "percent_covered": 100.0,
                "percent_covered_display": "100",
                "missing_lines": 0,
                "excluded_lines": 0
            },
            "missing_lines": [],
            "excluded_lines": [],
            "functions": {
                "": {
                    "executed_lines": [
                        1,
                        2,
                        4
                    ],
                    "summary": {
                        "covered_lines": 3,
                        "num_statements": 3,
                        "percent_covered": 100.0,
                        "percent_covered_display": "100",
                        "missing_lines": 0,
                        "excluded_lines": 0
                    },
                    "missing_lines": [],
                    "excluded_lines": []
                }
            },
            "classes": {
                "": {
                    "executed_lines": [
                        1,
                        2,
                        4
                    ],
                    "summary": {
                        "covered_lines": 3,
                        "num_statements": 3,
                        "percent_covered": 100.0,
                        "percent_covered_display": "100",
                        "missing_lines": 0,
                        "excluded_lines": 0
                    },
                    "missing_lines": [],
                    "excluded_lines": []
                }
            }
        },
        "src\\sf_rdf_acl\\converter\\graph_formatter.py": {
            "executed_lines": [
                1,
                10,
                12,
                14,
                15,
                16,
                17,
                18,
                22,
                25,
                26,
                36,
                42,
                44,
                56,
                80,
                81,
                84,
                85,
                87,
                88,
                89,
                90,
                91,
                96,
                107,
                109,
                111,
                113,
                114,
                115,
                116,
                117,
                122,
                154,
                155,
                157,
                158,
                159,
                160,
                168,
                170,
                171,
                172,
                178,
                180,
                181,
                182,
                183,
                184,
                186,
                187,
                196,
                198,
                199,
                200,
                202,
                203,
                205,
                206,
                207,
                208,
                209,
                214,
                215,
                216,
                222,
                230
            ],
            "summary": {
                "covered_lines": 66,
                "num_statements": 76,
                "percent_covered": 86.84210526315789,
                "percent_covered_display": "87",
                "missing_lines": 10,
                "excluded_lines": 1
            },
            "missing_lines": [
                54,
                110,
                118,
                119,
                120,
                175,
                197,
                217,
                218,
                220
            ],
            "excluded_lines": [
                123
            ],
            "functions": {
                "GraphFormatter.__init__": {
                    "executed_lines": [
                        42
                    ],
                    "summary": {
                        "covered_lines": 1,
                        "num_statements": 1,
                        "percent_covered": 100.0,
                        "percent_covered_display": "100",
                        "missing_lines": 0,
                        "excluded_lines": 0
                    },
                    "missing_lines": [],
                    "excluded_lines": []
                },
                "GraphFormatter.to_turtle": {
                    "executed_lines": [],
                    "summary": {
                        "covered_lines": 0,
                        "num_statements": 1,
                        "percent_covered": 0.0,
                        "percent_covered_display": "0",
                        "missing_lines": 1,
                        "excluded_lines": 0
                    },
                    "missing_lines": [
                        54
                    ],
                    "excluded_lines": []
                },
                "GraphFormatter.format_graph": {
                    "executed_lines": [
                        80,
                        81,
                        84,
                        85,
                        87,
                        88,
                        89,
                        90,
                        91
                    ],
                    "summary": {
                        "covered_lines": 9,
                        "num_statements": 9,
                        "percent_covered": 100.0,
                        "percent_covered_display": "100",
                        "missing_lines": 0,
                        "excluded_lines": 0
                    },
                    "missing_lines": [],
                    "excluded_lines": []
                },
                "GraphFormatter._to_jsonld": {
                    "executed_lines": [
                        107,
                        109,
                        111,
                        113,
                        114,
                        115,
                        116,
                        117
                    ],
                    "summary": {
                        "covered_lines": 8,
                        "num_statements": 12,
                        "percent_covered": 66.66666666666667,
                        "percent_covered_display": "67",
                        "missing_lines": 4,
                        "excluded_lines": 0
                    },
                    "missing_lines": [
                        110,
                        118,
                        119,
                        120
                    ],
                    "excluded_lines": []
                },
                "GraphFormatter._to_simplified_json": {
                    "executed_lines": [
                        154,
                        155,
                        157,
                        170,
                        171,
                        172,
                        178,
                        180,
                        181,
                        182,
                        183,
                        184,
                        186,
                        187,
                        196,
                        198,
                        199,
                        200,
                        202,
                        203,
                        205,
                        206,
                        207,
                        208,
                        209,
                        214,
                        215,
                        216,
                        222,
                        230
                    ],
                    "summary": {
                        "covered_lines": 30,
                        "num_statements": 35,
                        "percent_covered": 85.71428571428571,
                        "percent_covered_display": "86",
                        "missing_lines": 5,
                        "excluded_lines": 1
                    },
                    "missing_lines": [
                        175,
                        197,
                        217,
                        218,
                        220
                    ],
                    "excluded_lines": [
                        123
                    ]
                },
                "GraphFormatter._to_simplified_json.ensure_node": {
                    "executed_lines": [
                        158,
                        159,
                        160,
                        168
                    ],
                    "summary": {
                        "covered_lines": 4,
                        "num_statements": 4,
                        "percent_covered": 100.0,
                        "percent_covered_display": "100",
                        "missing_lines": 0,
                        "excluded_lines": 0
                    },
                    "missing_lines": [],
                    "excluded_lines": []
                },
                "": {
                    "executed_lines": [
                        1,
                        10,
                        12,
                        14,
                        15,
                        16,
                        17,
                        18,
                        22,
                        25,
                        26,
                        36,
                        44,
                        56,
                        96,
                        122
                    ],
                    "summary": {
                        "covered_lines": 14,
                        "num_statements": 14,
                        "percent_covered": 100.0,
                        "percent_covered_display": "100",
                        "missing_lines": 0,
                        "excluded_lines": 0
                    },
                    "missing_lines": [],
                    "excluded_lines": []
                }
            },
            "classes": {
                "GraphFormatter": {
                    "executed_lines": [
                        42,
                        80,
                        81,
                        84,
                        85,
                        87,
                        88,
                        89,
                        90,
                        91,
                        107,
                        109,
                        111,
                        113,
                        114,
                        115,
                        116,
                        117,
                        154,
                        155,
                        157,
                        158,
                        159,
                        160,
                        168,
                        170,
                        171,
                        172,
                        178,
                        180,
                        181,
                        182,
                        183,
                        184,
                        186,
                        187,
                        196,
                        198,
                        199,
                        200,
                        202,
                        203,
                        205,
                        206,
                        207,
                        208,
                        209,
                        214,
                        215,
                        216,
                        222,
                        230
                    ],
                    "summary": {
                        "covered_lines": 52,
                        "num_statements": 62,
                        "percent_covered": 83.87096774193549,
                        "percent_covered_display": "84",
                        "missing_lines": 10,
                        "excluded_lines": 1
                    },
                    "missing_lines": [
                        54,
                        110,
                        118,
                        119,
                        120,
                        175,
                        197,
                        217,
                        218,
                        220
                    ],
                    "excluded_lines": [
                        123
                    ]
                },
                "": {
                    "executed_lines": [
                        1,
                        10,
                        12,
                        14,
                        15,
                        16,
                        17,
                        18,
                        22,
                        25,
                        26,
                        36,
                        44,
                        56,
                        96,
                        122
                    ],
                    "summary": {
                        "covered_lines": 14,
                        "num_statements": 14,
                        "percent_covered": 100.0,
                        "percent_covered_display": "100",
                        "missing_lines": 0,
                        "excluded_lines": 0
                    },
                    "missing_lines": [],
                    "excluded_lines": []
                }
            }
        },
        "src\\sf_rdf_acl\\converter\\result_mapper.py": {
            "executed_lines": [
                1,
                7,
                9,
                10,
                11,
                14,
                15,
                23,
                39,
                45,
                46,
                48,
                70,
                71,
                72,
                73,
                74,
                75,
                76,
                77,
                79,
                90,
                91,
                92,
                93,
                94,
                95,
                96,
                97,
                102,
                103,
                104,
                106,
                108,
                120,
                122,
                123,
                125,
                126,
                127,
                130,
                135,
                136,
                137,
                138,
                139,
                140,
                143,
                144,
                157,
                158,
                159,
                160,
                161
            ],
            "summary": {
                "covered_lines": 52,
                "num_statements": 64,
                "percent_covered": 81.25,
                "percent_covered_display": "81",
                "missing_lines": 12,
                "excluded_lines": 0
            },
            "missing_lines": [
                105,
                124,
                128,
                129,
                131,
                132,
                133,
                134,
                141,
                162,
                163,
                164
            ],
            "excluded_lines": [],
            "functions": {
                "ResultMapper.map_bindings": {
                    "executed_lines": [
                        70,
                        71,
                        72,
                        73,
                        74,
                        75,
                        76,
                        77
                    ],
                    "summary": {
                        "covered_lines": 8,
                        "num_statements": 8,
                        "percent_covered": 100.0,
                        "percent_covered_display": "100",
                        "missing_lines": 0,
                        "excluded_lines": 0
                    },
                    "missing_lines": [],
                    "excluded_lines": []
                },
                "ResultMapper._convert_cell": {
                    "executed_lines": [
                        90,
                        91,
                        92,
                        93,
                        94,
                        95,
                        96,
                        97,
                        102,
                        103,
                        104,
                        106
                    ],
                    "summary": {
                        "covered_lines": 12,
                        "num_statements": 13,
                        "percent_covered": 92.3076923076923,
                        "percent_covered_display": "92",
                        "missing_lines": 1,
                        "excluded_lines": 0
                    },
                    "missing_lines": [
                        105
                    ],
                    "excluded_lines": []
                },
                "ResultMapper._cast_value": {
                    "executed_lines": [
                        120,
                        122,
                        123,
                        125,
                        126,
                        127,
                        130,
                        135,
                        136,
                        137,
                        138,
                        139,
                        140
                    ],
                    "summary": {
                        "covered_lines": 13,
                        "num_statements": 21,
                        "percent_covered": 61.904761904761905,
                        "percent_covered_display": "62",
                        "missing_lines": 8,
                        "excluded_lines": 0
                    },
                    "missing_lines": [
                        124,
                        128,
                        129,
                        131,
                        132,
                        133,
                        134,
                        141
                    ],
                    "excluded_lines": []
                },
                "ResultMapper._normalize_datetime": {
                    "executed_lines": [
                        157,
                        158,
                        159,
                        160,
                        161
                    ],
                    "summary": {
                        "covered_lines": 5,
                        "num_statements": 8,
                        "percent_covered": 62.5,
                        "percent_covered_display": "62",
                        "missing_lines": 3,
                        "excluded_lines": 0
                    },
                    "missing_lines": [
                        162,
                        163,
                        164
                    ],
                    "excluded_lines": []
                },
                "": {
                    "executed_lines": [
                        1,
                        7,
                        9,
                        10,
                        11,
                        14,
                        15,
                        23,
                        39,
                        45,
                        46,
                        48,
                        79,
                        108,
                        143,
                        144
                    ],
                    "summary": {
                        "covered_lines": 14,
                        "num_statements": 14,
                        "percent_covered": 100.0,
                        "percent_covered_display": "100",
                        "missing_lines": 0,
                        "excluded_lines": 0
                    },
                    "missing_lines": [],
                    "excluded_lines": []
                }
            },
            "classes": {
                "ResultMapper": {
                    "executed_lines": [
                        70,
                        71,
                        72,
                        73,
                        74,
                        75,
                        76,
                        77,
                        90,
                        91,
                        92,
                        93,
                        94,
                        95,
                        96,
                        97,
                        102,
                        103,
                        104,
                        106,
                        120,
                        122,
                        123,
                        125,
                        126,
                        127,
                        130,
                        135,
                        136,
                        137,
                        138,
                        139,
                        140,
                        157,
                        158,
                        159,
                        160,
                        161
                    ],
                    "summary": {
                        "covered_lines": 38,
                        "num_statements": 50,
                        "percent_covered": 76.0,
                        "percent_covered_display": "76",
                        "missing_lines": 12,
                        "excluded_lines": 0
                    },
                    "missing_lines": [
                        105,
                        124,
                        128,
                        129,
                        131,
                        132,
                        133,
                        134,
                        141,
                        162,
                        163,
                        164
                    ],
                    "excluded_lines": []
                },
                "": {
                    "executed_lines": [
                        1,
                        7,
                        9,
                        10,
                        11,
                        14,
                        15,
                        23,
                        39,
                        45,
                        46,
                        48,
                        79,
                        108,
                        143,
                        144
                    ],
                    "summary": {
                        "covered_lines": 14,
                        "num_statements": 14,
                        "percent_covered": 100.0,
                        "percent_covered_display": "100",
                        "missing_lines": 0,
                        "excluded_lines": 0
                    },
                    "missing_lines": [],
                    "excluded_lines": []
                }
            }
        },
        "src\\sf_rdf_acl\\graph\\__init__.py": {
            "executed_lines": [
                1,
                2,
                3,
                5
            ],
            "summary": {
                "covered_lines": 3,
                "num_statements": 3,
                "percent_covered": 100.0,
                "percent_covered_display": "100",
                "missing_lines": 0,
                "excluded_lines": 0
            },
            "missing_lines": [],
            "excluded_lines": [],
            "functions": {
                "": {
                    "executed_lines": [
                        1,
                        2,
                        3,
                        5
                    ],
                    "summary": {
                        "covered_lines": 3,
                        "num_statements": 3,
                        "percent_covered": 100.0,
                        "percent_covered_display": "100",
                        "missing_lines": 0,
                        "excluded_lines": 0
                    },
                    "missing_lines": [],
                    "excluded_lines": []
                }
            },
            "classes": {
                "": {
                    "executed_lines": [
                        1,
                        2,
                        3,
                        5
                    ],
                    "summary": {
                        "covered_lines": 3,
                        "num_statements": 3,
                        "percent_covered": 100.0,
                        "percent_covered_display": "100",
                        "missing_lines": 0,
                        "excluded_lines": 0
                    },
                    "missing_lines": [],
                    "excluded_lines": []
                }
            }
        },
        "src\\sf_rdf_acl\\graph\\named_graph.py": {
            "executed_lines": [
                1,
                5,
                7,
                8,
                9,
                11,
                12,
                13,
                14,
                16,
                17,
                18,
                21,
                22,
                30,
                43,
                44,
                45,
                46,
                48,
                59,
                60,
                61,
                62,
                63,
                64,
                65,
                66,
                69,
                71,
                82,
                83,
                84,
                86,
                122,
                139,
                150,
                151,
                152,
                153,
                157,
                187,
                189,
                190,
                192,
                193,
                196,
                197,
                198,
                202,
                203,
                204,
                215,
                225,
                226,
                227,
                229,
                230,
                231,
                232,
                233,
                235,
                237,
                238,
                239,
                240,
                241,
                242,
                245,
                246,
                247,
                272,
                276,
                280,
                281,
                282,
                285,
                286,
                287,
                288,
                289,
                290,
                293,
                294,
                300,
                301,
                302,
                303,
                304,
                305,
                307,
                308,
                309,
                310,
                312,
                314,
                317,
                319,
                320,
                321,
                322,
                323,
                327,
                328,
                329,
                331,
                332,
                333,
                335,
                342,
                373,
                394,
                412,
                455,
                456,
                474,
                475,
                492,
                493,
                506,
                507,
                517,
                519,
                526,
                527,
                528,
                529,
                531,
                537,
                538,
                549,
                559,
                560,
                562,
                564,
                574,
                575,
                576,
                582,
                584,
                589,
                590,
                591,
                602,
                603,
                604,
                606,
                607,
                608,
                609,
                610,
                613,
                614,
                615,
                624,
                625,
                626,
                627,
                630,
                631,
                632,
                634,
                635,
                636,
                637
            ],
            "summary": {
                "covered_lines": 160,
                "num_statements": 272,
                "percent_covered": 58.8235294117647,
                "percent_covered_display": "59",
                "missing_lines": 112,
                "excluded_lines": 0
            },
            "missing_lines": [
                68,
                106,
                107,
                108,
                109,
                110,
                112,
                113,
                114,
                115,
                134,
                135,
                136,
                137,
                234,
                243,
                248,
                250,
                251,
                252,
                253,
                254,
                255,
                256,
                257,
                258,
                259,
                260,
                261,
                262,
                264,
                265,
                266,
                267,
                268,
                269,
                270,
                295,
                296,
                297,
                298,
                324,
                325,
                354,
                359,
                360,
                361,
                362,
                363,
                364,
                365,
                367,
                368,
                369,
                370,
                371,
                384,
                404,
                405,
                406,
                407,
                408,
                409,
                410,
                424,
                425,
                426,
                427,
                428,
                429,
                430,
                431,
                432,
                433,
                434,
                435,
                436,
                437,
                438,
                439,
                440,
                441,
                442,
                443,
                444,
                445,
                446,
                447,
                448,
                449,
                450,
                451,
                452,
                453,
                466,
                467,
                468,
                469,
                470,
                471,
                472,
                485,
                486,
                487,
                488,
                489,
                490,
                503,
                504,
                530,
                561,
                583
            ],
            "excluded_lines": [],
            "functions": {
                "NamedGraphManager.__init__": {
                    "executed_lines": [
                        43,
                        44,
                        45,
                        46
                    ],
                    "summary": {
                        "covered_lines": 4,
                        "num_statements": 4,
                        "percent_covered": 100.0,
                        "percent_covered_display": "100",
                        "missing_lines": 0,
                        "excluded_lines": 0
                    },
                    "missing_lines": [],
                    "excluded_lines": []
                },
                "NamedGraphManager.create": {
                    "executed_lines": [
                        59,
                        60,
                        61,
                        62,
                        63,
                        64,
                        65,
                        66,
                        69
                    ],
                    "summary": {
                        "covered_lines": 9,
                        "num_statements": 10,
                        "percent_covered": 90.0,
                        "percent_covered_display": "90",
                        "missing_lines": 1,
                        "excluded_lines": 0
                    },
                    "missing_lines": [
                        68
                    ],
                    "excluded_lines": []
                },
                "NamedGraphManager.clear": {
                    "executed_lines": [
                        82,
                        83,
                        84
                    ],
                    "summary": {
                        "covered_lines": 3,
                        "num_statements": 3,
                        "percent_covered": 100.0,
                        "percent_covered_display": "100",
                        "missing_lines": 0,
                        "excluded_lines": 0
                    },
                    "missing_lines": [],
                    "excluded_lines": []
                },
                "NamedGraphManager.conditional_clear": {
                    "executed_lines": [
                        187,
                        189,
                        190,
                        192,
                        193,
                        196,
                        197,
                        198,
                        202,
                        203,
                        204
                    ],
                    "summary": {
                        "covered_lines": 11,
                        "num_statements": 11,
                        "percent_covered": 100.0,
                        "percent_covered_display": "100",
                        "missing_lines": 0,
                        "excluded_lines": 0
                    },
                    "missing_lines": [],
                    "excluded_lines": []
                },
                "NamedGraphManager.merge": {
                    "executed_lines": [],
                    "summary": {
                        "covered_lines": 0,
                        "num_statements": 4,
                        "percent_covered": 0.0,
                        "percent_covered_display": "0",
                        "missing_lines": 4,
                        "excluded_lines": 0
                    },
                    "missing_lines": [
                        134,
                        135,
                        136,
                        137
                    ],
                    "excluded_lines": []
                },
                "NamedGraphManager.snapshot": {
                    "executed_lines": [
                        150,
                        151,
                        152,
                        153
                    ],
                    "summary": {
                        "covered_lines": 4,
                        "num_statements": 4,
                        "percent_covered": 100.0,
                        "percent_covered_display": "100",
                        "missing_lines": 0,
                        "excluded_lines": 0
                    },
                    "missing_lines": [],
                    "excluded_lines": []
                },
                "NamedGraphManager._condition_from_filters": {
                    "executed_lines": [
                        225,
                        226,
                        227,
                        229,
                        237,
                        245,
                        272
                    ],
                    "summary": {
                        "covered_lines": 7,
                        "num_statements": 7,
                        "percent_covered": 100.0,
                        "percent_covered_display": "100",
                        "missing_lines": 0,
                        "excluded_lines": 0
                    },
                    "missing_lines": [],
                    "excluded_lines": []
                },
                "NamedGraphManager._condition_from_filters._wrap_subject": {
                    "executed_lines": [
                        230,
                        231,
                        232,
                        233,
                        235
                    ],
                    "summary": {
                        "covered_lines": 5,
                        "num_statements": 6,
                        "percent_covered": 83.33333333333333,
                        "percent_covered_display": "83",
                        "missing_lines": 1,
                        "excluded_lines": 0
                    },
                    "missing_lines": [
                        234
                    ],
                    "excluded_lines": []
                },
                "NamedGraphManager._condition_from_filters._wrap_pred": {
                    "executed_lines": [
                        238,
                        239,
                        240,
                        241,
                        242
                    ],
                    "summary": {
                        "covered_lines": 5,
                        "num_statements": 6,
                        "percent_covered": 83.33333333333333,
                        "percent_covered_display": "83",
                        "missing_lines": 1,
                        "excluded_lines": 0
                    },
                    "missing_lines": [
                        243
                    ],
                    "excluded_lines": []
                },
                "NamedGraphManager._condition_from_filters._wrap_object": {
                    "executed_lines": [
                        246,
                        247
                    ],
                    "summary": {
                        "covered_lines": 2,
                        "num_statements": 23,
                        "percent_covered": 8.695652173913043,
                        "percent_covered_display": "9",
                        "missing_lines": 21,
                        "excluded_lines": 0
                    },
                    "missing_lines": [
                        248,
                        250,
                        251,
                        252,
                        253,
                        254,
                        255,
                        256,
                        257,
                        258,
                        259,
                        260,
                        261,
                        262,
                        264,
                        265,
                        266,
                        267,
                        268,
                        269,
                        270
                    ],
                    "excluded_lines": []
                },
                "NamedGraphManager._build_conditional_delete": {
                    "executed_lines": [
                        280,
                        281,
                        282,
                        285,
                        286,
                        287,
                        288,
                        289,
                        290,
                        293,
                        294,
                        300,
                        301,
                        302,
                        303,
                        304,
                        305,
                        307,
                        308,
                        309,
                        310,
                        312
                    ],
                    "summary": {
                        "covered_lines": 22,
                        "num_statements": 26,
                        "percent_covered": 84.61538461538461,
                        "percent_covered_display": "85",
                        "missing_lines": 4,
                        "excluded_lines": 0
                    },
                    "missing_lines": [
                        295,
                        296,
                        297,
                        298
                    ],
                    "excluded_lines": []
                },
                "NamedGraphManager._estimate_conditional_delete": {
                    "executed_lines": [
                        317,
                        319,
                        320,
                        321,
                        322,
                        323,
                        327,
                        328,
                        329,
                        331,
                        332,
                        333,
                        335
                    ],
                    "summary": {
                        "covered_lines": 13,
                        "num_statements": 15,
                        "percent_covered": 86.66666666666667,
                        "percent_covered_display": "87",
                        "missing_lines": 2,
                        "excluded_lines": 0
                    },
                    "missing_lines": [
                        324,
                        325
                    ],
                    "excluded_lines": []
                },
                "NamedGraphManager._count_matching": {
                    "executed_lines": [],
                    "summary": {
                        "covered_lines": 0,
                        "num_statements": 13,
                        "percent_covered": 0.0,
                        "percent_covered_display": "0",
                        "missing_lines": 13,
                        "excluded_lines": 0
                    },
                    "missing_lines": [
                        354,
                        359,
                        360,
                        361,
                        362,
                        363,
                        364,
                        365,
                        367,
                        368,
                        369,
                        370,
                        371
                    ],
                    "excluded_lines": []
                },
                "NamedGraphManager._compose_delete_query": {
                    "executed_lines": [],
                    "summary": {
                        "covered_lines": 0,
                        "num_statements": 1,
                        "percent_covered": 0.0,
                        "percent_covered_display": "0",
                        "missing_lines": 1,
                        "excluded_lines": 0
                    },
                    "missing_lines": [
                        384
                    ],
                    "excluded_lines": []
                },
                "NamedGraphManager._build_triple_pattern": {
                    "executed_lines": [],
                    "summary": {
                        "covered_lines": 0,
                        "num_statements": 7,
                        "percent_covered": 0.0,
                        "percent_covered_display": "0",
                        "missing_lines": 7,
                        "excluded_lines": 0
                    },
                    "missing_lines": [
                        404,
                        405,
                        406,
                        407,
                        408,
                        409,
                        410
                    ],
                    "excluded_lines": []
                },
                "NamedGraphManager._format_term": {
                    "executed_lines": [],
                    "summary": {
                        "covered_lines": 0,
                        "num_statements": 30,
                        "percent_covered": 0.0,
                        "percent_covered_display": "0",
                        "missing_lines": 30,
                        "excluded_lines": 0
                    },
                    "missing_lines": [
                        424,
                        425,
                        426,
                        427,
                        428,
                        429,
                        430,
                        431,
                        432,
                        433,
                        434,
                        435,
                        436,
                        437,
                        438,
                        439,
                        440,
                        441,
                        442,
                        443,
                        444,
                        445,
                        446,
                        447,
                        448,
                        449,
                        450,
                        451,
                        452,
                        453
                    ],
                    "excluded_lines": []
                },
                "NamedGraphManager._format_iri": {
                    "executed_lines": [],
                    "summary": {
                        "covered_lines": 0,
                        "num_statements": 7,
                        "percent_covered": 0.0,
                        "percent_covered_display": "0",
                        "missing_lines": 7,
                        "excluded_lines": 0
                    },
                    "missing_lines": [
                        466,
                        467,
                        468,
                        469,
                        470,
                        471,
                        472
                    ],
                    "excluded_lines": []
                },
                "NamedGraphManager._is_prefixed": {
                    "executed_lines": [],
                    "summary": {
                        "covered_lines": 0,
                        "num_statements": 6,
                        "percent_covered": 0.0,
                        "percent_covered_display": "0",
                        "missing_lines": 6,
                        "excluded_lines": 0
                    },
                    "missing_lines": [
                        485,
                        486,
                        487,
                        488,
                        489,
                        490
                    ],
                    "excluded_lines": []
                },
                "NamedGraphManager._is_iri": {
                    "executed_lines": [],
                    "summary": {
                        "covered_lines": 0,
[...]
                    "executed_lines": [
                        230
                    ],
                    "summary": {
                        "covered_lines": 1,
                        "num_statements": 1,
                        "percent_covered": 100.0,
                        "percent_covered_display": "100",
                        "missing_lines": 0,
                        "excluded_lines": 0
                    },
                    "missing_lines": [],
                    "excluded_lines": []
                },
                "UpsertPlanner._format_object": {
                    "executed_lines": [
                        235,
                        236,
                        237,
                        238,
                        239,
                        240,
                        241,
                        242,
                        243,
                        244
                    ],
                    "summary": {
                        "covered_lines": 10,
                        "num_statements": 10,
                        "percent_covered": 100.0,
                        "percent_covered_display": "100",
                        "missing_lines": 0,
                        "excluded_lines": 0
                    },
                    "missing_lines": [],
                    "excluded_lines": []
                },
                "UpsertPlanner._format_value_literal": {
                    "executed_lines": [
                        249,
                        250,
                        251,
                        252
                    ],
                    "summary": {
                        "covered_lines": 4,
                        "num_statements": 4,
                        "percent_covered": 100.0,
                        "percent_covered_display": "100",
                        "missing_lines": 0,
                        "excluded_lines": 0
                    },
                    "missing_lines": [],
                    "excluded_lines": []
                },
                "UpsertPlanner._escape_literal": {
                    "executed_lines": [
                        258
                    ],
                    "summary": {
                        "covered_lines": 1,
                        "num_statements": 1,
                        "percent_covered": 100.0,
                        "percent_covered_display": "100",
                        "missing_lines": 0,
                        "excluded_lines": 0
                    },
                    "missing_lines": [],
                    "excluded_lines": []
                },
                "UpsertPlanner._is_iri": {
                    "executed_lines": [
                        264,
                        265
                    ],
                    "summary": {
                        "covered_lines": 2,
                        "num_statements": 2,
                        "percent_covered": 100.0,
                        "percent_covered_display": "100",
                        "missing_lines": 0,
                        "excluded_lines": 0
                    },
                    "missing_lines": [],
                    "excluded_lines": []
                },
                "UpsertPlanner._format_iri": {
                    "executed_lines": [
                        271,
                        273,
                        275,
                        276,
                        277
                    ],
                    "summary": {
                        "covered_lines": 5,
                        "num_statements": 10,
                        "percent_covered": 50.0,
                        "percent_covered_display": "50",
                        "missing_lines": 5,
                        "excluded_lines": 0
                    },
                    "missing_lines": [
                        272,
                        274,
                        278,
                        279,
                        280
                    ],
                    "excluded_lines": []
                },
                "UpsertPlanner._parse_key": {
                    "executed_lines": [
                        286,
                        287,
                        288,
                        289,
                        290,
                        291,
                        292,
                        293,
                        294,
                        295,
                        296,
                        297,
                        298,
                        299,
                        300,
                        302
                    ],
                    "summary": {
                        "covered_lines": 16,
                        "num_statements": 18,
                        "percent_covered": 88.88888888888889,
                        "percent_covered_display": "89",
                        "missing_lines": 2,
                        "excluded_lines": 0
                    },
                    "missing_lines": [
                        301,
                        303
                    ],
                    "excluded_lines": []
                },
                "": {
                    "executed_lines": [
                        1,
                        2,
                        4,
                        5,
                        6,
                        8,
                        10,
                        11,
                        12,
                        13,
                        16,
                        17,
                        19,
                        20,
                        21,
                        22,
                        23,
                        26,
                        27,
                        29,
                        30,
                        31,
                        34,
                        35,
                        37,
                        38,
                        39,
                        40,
                        41,
                        42,
                        45,
                        46,
                        47,
                        49,
                        50,
                        51,
                        52,
                        53,
                        56,
                        57,
                        58,
                        60,
                        61,
                        62,
                        65,
                        66,
                        68,
                        73,
                        97,
                        106,
                        124,
                        169,
                        189,
                        206,
                        213,
                        222,
                        227,
                        232,
                        246,
                        254,
                        255,
                        260,
                        261,
                        267,
                        268,
                        282,
                        283
                    ],
                    "summary": {
                        "covered_lines": 60,
                        "num_statements": 60,
                        "percent_covered": 100.0,
                        "percent_covered_display": "100",
                        "missing_lines": 0,
                        "excluded_lines": 0
                    },
                    "missing_lines": [],
                    "excluded_lines": []
                }
            },
            "classes": {
                "Triple": {
                    "executed_lines": [],
                    "summary": {
                        "covered_lines": 0,
                        "num_statements": 0,
                        "percent_covered": 100.0,
                        "percent_covered_display": "100",
                        "missing_lines": 0,
                        "excluded_lines": 0
                    },
                    "missing_lines": [],
                    "excluded_lines": []
                },
                "Provenance": {
                    "executed_lines": [],
                    "summary": {
                        "covered_lines": 0,
                        "num_statements": 0,
                        "percent_covered": 100.0,
                        "percent_covered_display": "100",
                        "missing_lines": 0,
                        "excluded_lines": 0
                    },
                    "missing_lines": [],
                    "excluded_lines": []
                },
                "UpsertRequest": {
                    "executed_lines": [],
                    "summary": {
                        "covered_lines": 0,
                        "num_statements": 0,
                        "percent_covered": 100.0,
                        "percent_covered_display": "100",
                        "missing_lines": 0,
                        "excluded_lines": 0
                    },
                    "missing_lines": [],
                    "excluded_lines": []
                },
                "UpsertStatement": {
                    "executed_lines": [],
                    "summary": {
                        "covered_lines": 0,
                        "num_statements": 0,
                        "percent_covered": 100.0,
                        "percent_covered_display": "100",
                        "missing_lines": 0,
                        "excluded_lines": 0
                    },
                    "missing_lines": [],
                    "excluded_lines": []
                },
                "UpsertPlan": {
                    "executed_lines": [],
                    "summary": {
                        "covered_lines": 0,
                        "num_statements": 0,
                        "percent_covered": 100.0,
                        "percent_covered_display": "100",
                        "missing_lines": 0,
                        "excluded_lines": 0
                    },
                    "missing_lines": [],
                    "excluded_lines": []
                },
                "UpsertPlanner": {
                    "executed_lines": [
                        71,
                        76,
                        79,
                        80,
                        83,
                        84,
                        85,
                        86,
                        87,
                        88,
                        89,
                        91,
                        93,
                        94,
                        95,
                        100,
                        101,
                        102,
                        103,
                        104,
                        109,
                        110,
                        111,
                        112,
                        113,
                        114,
                        116,
                        117,
                        118,
                        119,
                        120,
                        121,
                        122,
                        127,
                        128,
                        129,
                        130,
                        132,
                        135,
                        136,
                        139,
                        140,
                        144,
                        147,
                        151,
                        152,
                        161,
                        172,
                        173,
                        174,
                        181,
                        192,
                        193,
                        198,
                        209,
                        210,
                        211,
                        216,
                        225,
                        230,
                        235,
                        236,
                        237,
                        238,
                        239,
                        240,
                        241,
                        242,
                        243,
                        244,
                        249,
                        250,
                        251,
                        252,
                        258,
                        264,
                        265,
                        271,
                        273,
                        275,
                        276,
                        277,
                        286,
                        287,
                        288,
                        289,
                        290,
                        291,
                        292,
                        293,
                        294,
                        295,
                        296,
                        297,
                        298,
                        299,
                        300,
                        302
                    ],
                    "summary": {
                        "covered_lines": 98,
                        "num_statements": 108,
                        "percent_covered": 90.74074074074075,
                        "percent_covered_display": "91",
                        "missing_lines": 10,
                        "excluded_lines": 0
                    },
                    "missing_lines": [
                        77,
                        81,
                        115,
                        272,
                        274,
                        278,
                        279,
                        280,
                        301,
                        303
                    ],
                    "excluded_lines": []
                },
                "": {
                    "executed_lines": [
                        1,
                        2,
                        4,
                        5,
                        6,
                        8,
                        10,
                        11,
                        12,
                        13,
                        16,
                        17,
                        19,
                        20,
                        21,
                        22,
                        23,
                        26,
                        27,
                        29,
                        30,
                        31,
                        34,
                        35,
                        37,
                        38,
                        39,
                        40,
                        41,
                        42,
                        45,
                        46,
                        47,
                        49,
                        50,
                        51,
                        52,
                        53,
                        56,
                        57,
                        58,
                        60,
                        61,
                        62,
                        65,
                        66,
                        68,
                        73,
                        97,
                        106,
                        124,
                        169,
                        189,
                        206,
                        213,
                        222,
                        227,
                        232,
                        246,
                        254,
                        255,
                        260,
                        261,
                        267,
                        268,
                        282,
                        283
                    ],
                    "summary": {
                        "covered_lines": 60,
                        "num_statements": 60,
                        "percent_covered": 100.0,
                        "percent_covered_display": "100",
                        "missing_lines": 0,
                        "excluded_lines": 0
                    },
                    "missing_lines": [],
                    "excluded_lines": []
                }
            }
        },
        "src\\sf_rdf_acl\\utils\\__init__.py": {
            "executed_lines": [
                1,
                2,
                4,
                6,
                7,
                10,
                13,
                15,
                16,
                17,
                18,
                23,
                25
            ],
            "summary": {
                "covered_lines": 12,
                "num_statements": 14,
                "percent_covered": 85.71428571428571,
                "percent_covered_display": "86",
                "missing_lines": 2,
                "excluded_lines": 0
            },
            "missing_lines": [
                14,
                24
            ],
            "excluded_lines": [],
            "functions": {
                "resolve_graph_iri": {
                    "executed_lines": [
                        13,
                        15,
                        16,
                        17,
                        18,
                        23,
                        25
                    ],
                    "summary": {
                        "covered_lines": 7,
                        "num_statements": 9,
                        "percent_covered": 77.77777777777777,
                        "percent_covered_display": "78",
                        "missing_lines": 2,
                        "excluded_lines": 0
                    },
                    "missing_lines": [
                        14,
                        24
                    ],
                    "excluded_lines": []
                },
                "": {
                    "executed_lines": [
                        1,
                        2,
                        4,
                        6,
                        7,
                        10
                    ],
                    "summary": {
                        "covered_lines": 5,
                        "num_statements": 5,
                        "percent_covered": 100.0,
                        "percent_covered_display": "100",
                        "missing_lines": 0,
                        "excluded_lines": 0
                    },
                    "missing_lines": [],
                    "excluded_lines": []
                }
            },
            "classes": {
                "": {
                    "executed_lines": [
                        1,
                        2,
                        4,
                        6,
                        7,
                        10,
                        13,
                        15,
                        16,
                        17,
                        18,
                        23,
                        25
                    ],
                    "summary": {
                        "covered_lines": 12,
                        "num_statements": 14,
                        "percent_covered": 85.71428571428571,
                        "percent_covered_display": "86",
                        "missing_lines": 2,
                        "excluded_lines": 0
                    },
                    "missing_lines": [
                        14,
                        24
                    ],
                    "excluded_lines": []
                }
            }
        }
    },
    "totals": {
        "covered_lines": 1441,
        "num_statements": 1777,
        "percent_covered": 81.09172763083849,
        "percent_covered_display": "81",
        "missing_lines": 336,
        "excluded_lines": 5
    }
}